<?xml version="1.0" encoding="UTF-8"?>
<!-- Generated by org.testng.reporters.JUnitXMLReporter -->
<testsuite ignored="8" hostname="LAPTOP-2TH9Q1UJ" failures="4" tests="4" name="Test" time="0.147" errors="0" timestamp="2021-10-02T13:18:22 IST">
  <testcase classname="com.selenium.testbuild.testCases" name="aaavalidateHomePage" time="0.028">
    <failure type="java.lang.NullPointerException" message="Cannot invoke &amp;quot;org.openqa.selenium.WebDriver.getTitle()&amp;quot; because &amp;quot;com.selenium.Test.urbanLadder.driver&amp;quot; is null">
      <![CDATA[java.lang.NullPointerException: Cannot invoke "org.openqa.selenium.WebDriver.getTitle()" because "com.selenium.Test.urbanLadder.driver" is null
at com.selenium.Test.urbanLadder.homePage(urbanLadder.java:36)
at com.selenium.testbuild.testCases.aaavalidateHomePage(testCases.java:44)
at java.base/java.util.ArrayList.forEach(ArrayList.java:1511)
... Removed 27 stack frames]]>
    </failure>
  </testcase> <!-- aaavalidateHomePage -->
  <testcase classname="com.selenium.testbuild.testCases" name="popup" time="0.021">
    <failure type="java.lang.NullPointerException">
      <![CDATA[java.lang.NullPointerException
at java.base/java.util.Objects.requireNonNull(Objects.java:208)
at org.openqa.selenium.support.ui.FluentWait.<init>(FluentWait.java:106)
at org.openqa.selenium.support.ui.WebDriverWait.<init>(WebDriverWait.java:85)
at org.openqa.selenium.support.ui.WebDriverWait.<init>(WebDriverWait.java:45)
at com.selenium.Test.urbanLadder.closePopup(urbanLadder.java:44)
at com.selenium.testbuild.testCases.popup(testCases.java:65)
at java.base/java.util.ArrayList.forEach(ArrayList.java:1511)
... Removed 27 stack frames]]>
    </failure>
  </testcase> <!-- popup -->
  <testcase classname="com.selenium.testbuild.testCases" name="bbbvalidateBookshelvesPage" time="0.013">
    <failure type="java.lang.NullPointerException" message="Cannot invoke &amp;quot;org.openqa.selenium.WebDriver.findElement(org.openqa.selenium.By)&amp;quot; because &amp;quot;com.selenium.Test.urbanLadder.driver&amp;quot; is null">
      <![CDATA[java.lang.NullPointerException: Cannot invoke "org.openqa.selenium.WebDriver.findElement(org.openqa.selenium.By)" because "com.selenium.Test.urbanLadder.driver" is null
at com.selenium.Test.urbanLadder.bookshelvesPage(urbanLadder.java:64)
at com.selenium.testbuild.testCases.bbbvalidateBookshelvesPage(testCases.java:54)
at java.base/java.util.ArrayList.forEach(ArrayList.java:1511)
... Removed 27 stack frames]]>
    </failure>
  </testcase> <!-- bbbvalidateBookshelvesPage -->
  <testcase classname="com.selenium.testbuild.testCases" name="validateGiftCardPage" time="0.002">
    <failure type="java.lang.NullPointerException" message="Cannot invoke &amp;quot;org.openqa.selenium.WebDriver.findElement(org.openqa.selenium.By)&amp;quot; because &amp;quot;com.selenium.Test.urbanLadder.driver&amp;quot; is null">
      <![CDATA[java.lang.NullPointerException: Cannot invoke "org.openqa.selenium.WebDriver.findElement(org.openqa.selenium.By)" because "com.selenium.Test.urbanLadder.driver" is null
at com.selenium.Test.urbanLadder.clickGiftcards(urbanLadder.java:178)
at com.selenium.testbuild.testCases.validateGiftCardPage(testCases.java:164)
at java.base/java.util.ArrayList.forEach(ArrayList.java:1511)
... Removed 27 stack frames]]>
    </failure>
  </testcase> <!-- validateGiftCardPage -->
  <testcase classname="com.selenium.testbuild.testCases" name="giftCard" time="0.0">
    <ignored/>
  </testcase> <!-- giftCard -->
  <testcase classname="com.selenium.testbuild.testCases" name="checkbox" time="0.0">
    <ignored/>
  </testcase> <!-- checkbox -->
  <testcase classname="com.selenium.testbuild.testCases" name="storage" time="0.0">
    <ignored/>
  </testcase> <!-- storage -->
  <testcase classname="com.selenium.testbuild.testCases" name="bookshelves" time="0.0">
    <ignored/>
  </testcase> <!-- bookshelves -->
  <testcase classname="com.selenium.testbuild.testCases" name="collections" time="0.0">
    <ignored/>
  </testcase> <!-- collections -->
  <testcase classname="com.selenium.testbuild.testCases" name="slider" time="0.0">
    <ignored/>
  </testcase> <!-- slider -->
  <testcase classname="com.selenium.testbuild.testCases" name="printSubmenu" time="0.0">
    <ignored/>
  </testcase> <!-- printSubmenu -->
  <testcase classname="com.selenium.testbuild.testCases" name="printItems" time="0.0">
    <ignored/>
  </testcase> <!-- printItems -->
</testsuite> <!-- Test -->
