<?xml version="1.0" encoding="UTF-8"?>
<testng-results skipped="0" failed="1" total="12" passed="11">
  <reporter-output>
  </reporter-output>
  <suite name="Default suite" duration-ms="64994" started-at="2021-10-01T16:09:12Z" finished-at="2021-10-01T16:10:17Z">
    <groups>
      <group name="Regression Test">
        <method signature="testCases.bookshelves()[pri:3, instance:com.selenium.testbuild.testCases@69a10787]" name="bookshelves" class="com.selenium.testbuild.testCases"/>
        <method signature="testCases.checkbox()[pri:6, instance:com.selenium.testbuild.testCases@69a10787]" name="checkbox" class="com.selenium.testbuild.testCases"/>
        <method signature="testCases.collections()[pri:8, instance:com.selenium.testbuild.testCases@69a10787]" name="collections" class="com.selenium.testbuild.testCases"/>
        <method signature="testCases.giftCard()[pri:11, instance:com.selenium.testbuild.testCases@69a10787]" name="giftCard" class="com.selenium.testbuild.testCases"/>
        <method signature="testCases.printItems()[pri:7, instance:com.selenium.testbuild.testCases@69a10787]" name="printItems" class="com.selenium.testbuild.testCases"/>
        <method signature="testCases.printSubmenu()[pri:9, instance:com.selenium.testbuild.testCases@69a10787]" name="printSubmenu" class="com.selenium.testbuild.testCases"/>
        <method signature="testCases.slider()[pri:5, instance:com.selenium.testbuild.testCases@69a10787]" name="slider" class="com.selenium.testbuild.testCases"/>
        <method signature="testCases.storage()[pri:4, instance:com.selenium.testbuild.testCases@69a10787]" name="storage" class="com.selenium.testbuild.testCases"/>
      </group> <!-- Regression Test -->
      <group name="Smoke Test">
        <method signature="testCases.aaavalidateHomePage()[pri:0, instance:com.selenium.testbuild.testCases@69a10787]" name="aaavalidateHomePage" class="com.selenium.testbuild.testCases"/>
        <method signature="testCases.bbbvalidateBookshelvesPage()[pri:2, instance:com.selenium.testbuild.testCases@69a10787]" name="bbbvalidateBookshelvesPage" class="com.selenium.testbuild.testCases"/>
        <method signature="testCases.popup()[pri:1, instance:com.selenium.testbuild.testCases@69a10787]" name="popup" class="com.selenium.testbuild.testCases"/>
        <method signature="testCases.validateGiftCardPage()[pri:10, instance:com.selenium.testbuild.testCases@69a10787]" name="validateGiftCardPage" class="com.selenium.testbuild.testCases"/>
      </group> <!-- Smoke Test -->
    </groups>
    <test name="Default test" duration-ms="64994" started-at="2021-10-01T16:09:12Z" finished-at="2021-10-01T16:10:17Z">
      <class name="com.selenium.testbuild.testCases">
        <test-method status="PASS" signature="setup()[pri:0, instance:com.selenium.testbuild.testCases@69a10787]" name="setup" is-config="true" duration-ms="5952" started-at="2021-10-01T21:39:06Z" finished-at="2021-10-01T21:39:12Z">
          <reporter-output>
          </reporter-output>
        </test-method> <!-- setup -->
        <test-method status="PASS" signature="url()[pri:0, instance:com.selenium.testbuild.testCases@69a10787]" name="url" is-config="true" duration-ms="7" started-at="2021-10-01T21:39:12Z" finished-at="2021-10-01T21:39:12Z">
          <reporter-output>
          </reporter-output>
        </test-method> <!-- url -->
        <test-method status="PASS" signature="aaavalidateHomePage()[pri:0, instance:com.selenium.testbuild.testCases@69a10787]" name="aaavalidateHomePage" duration-ms="43" started-at="2021-10-01T21:39:12Z" finished-at="2021-10-01T21:39:12Z">
          <reporter-output>
          </reporter-output>
        </test-method> <!-- aaavalidateHomePage -->
        <test-method status="PASS" signature="popup()[pri:1, instance:com.selenium.testbuild.testCases@69a10787]" name="popup" duration-ms="10702" started-at="2021-10-01T21:39:12Z" finished-at="2021-10-01T21:39:23Z">
          <reporter-output>
          </reporter-output>
        </test-method> <!-- popup -->
        <test-method status="PASS" signature="bbbvalidateBookshelvesPage()[pri:2, instance:com.selenium.testbuild.testCases@69a10787]" name="bbbvalidateBookshelvesPage" duration-ms="3657" started-at="2021-10-01T21:39:23Z" finished-at="2021-10-01T21:39:27Z">
          <reporter-output>
          </reporter-output>
        </test-method> <!-- bbbvalidateBookshelvesPage -->
        <test-method status="PASS" signature="bookshelves()[pri:3, instance:com.selenium.testbuild.testCases@69a10787]" name="bookshelves" duration-ms="2566" started-at="2021-10-01T21:39:27Z" finished-at="2021-10-01T21:39:29Z">
          <reporter-output>
          </reporter-output>
        </test-method> <!-- bookshelves -->
        <test-method status="PASS" signature="storage()[pri:4, instance:com.selenium.testbuild.testCases@69a10787]" name="storage" duration-ms="1094" started-at="2021-10-01T21:39:29Z" finished-at="2021-10-01T21:39:30Z">
          <reporter-output>
          </reporter-output>
        </test-method> <!-- storage -->
        <test-method status="PASS" signature="slider()[pri:5, instance:com.selenium.testbuild.testCases@69a10787]" name="slider" duration-ms="7775" started-at="2021-10-01T21:39:30Z" finished-at="2021-10-01T21:39:38Z">
          <reporter-output>
          </reporter-output>
        </test-method> <!-- slider -->
        <test-method status="PASS" signature="checkbox()[pri:6, instance:com.selenium.testbuild.testCases@69a10787]" name="checkbox" duration-ms="2813" started-at="2021-10-01T21:39:38Z" finished-at="2021-10-01T21:39:41Z">
          <reporter-output>
          </reporter-output>
        </test-method> <!-- checkbox -->
        <test-method status="PASS" signature="printItems()[pri:7, instance:com.selenium.testbuild.testCases@69a10787]" name="printItems" duration-ms="2087" started-at="2021-10-01T21:39:41Z" finished-at="2021-10-01T21:39:43Z">
          <reporter-output>
          </reporter-output>
        </test-method> <!-- printItems -->
        <test-method status="PASS" signature="collections()[pri:8, instance:com.selenium.testbuild.testCases@69a10787]" name="collections" duration-ms="1503" started-at="2021-10-01T21:39:43Z" finished-at="2021-10-01T21:39:45Z">
          <reporter-output>
          </reporter-output>
        </test-method> <!-- collections -->
        <test-method status="PASS" signature="printSubmenu()[pri:9, instance:com.selenium.testbuild.testCases@69a10787]" name="printSubmenu" duration-ms="563" started-at="2021-10-01T21:39:45Z" finished-at="2021-10-01T21:39:45Z">
          <reporter-output>
          </reporter-output>
        </test-method> <!-- printSubmenu -->
        <test-method status="FAIL" signature="validateGiftCardPage()[pri:10, instance:com.selenium.testbuild.testCases@69a10787]" name="validateGiftCardPage" duration-ms="2601" started-at="2021-10-01T21:39:45Z" finished-at="2021-10-01T21:39:48Z">
          <exception class="java.lang.AssertionError">
            <message>
              <![CDATA[expected [Gift Card - Buy Gift Cards &amp; Vouchers Online for Wedding, Birthday | Urban Ladder] but found [Gift Card - Buy Gift Cards & Vouchers Online for Wedding, Birthday | Urban Ladder]]]>
            </message>
            <full-stacktrace>
              <![CDATA[java.lang.AssertionError: expected [Gift Card - Buy Gift Cards &amp; Vouchers Online for Wedding, Birthday | Urban Ladder] but found [Gift Card - Buy Gift Cards & Vouchers Online for Wedding, Birthday | Urban Ladder]
	at org.testng.Assert.fail(Assert.java:94)
	at org.testng.Assert.failNotEquals(Assert.java:513)
	at org.testng.Assert.assertEqualsImpl(Assert.java:135)
	at org.testng.Assert.assertEquals(Assert.java:116)
	at org.testng.Assert.assertEquals(Assert.java:190)
	at org.testng.Assert.assertEquals(Assert.java:200)
	at com.selenium.Test.urbanLadder.clickGiftcards(urbanLadder.java:182)
	at com.selenium.testbuild.testCases.validateGiftCardPage(testCases.java:164)
	at sun.reflect.NativeMethodAccessorImpl.invoke0(Native Method)
	at sun.reflect.NativeMethodAccessorImpl.invoke(Unknown Source)
	at sun.reflect.DelegatingMethodAccessorImpl.invoke(Unknown Source)
	at java.lang.reflect.Method.invoke(Unknown Source)
	at org.testng.internal.MethodInvocationHelper.invokeMethod(MethodInvocationHelper.java:100)
	at org.testng.internal.Invoker.invokeMethod(Invoker.java:646)
	at org.testng.internal.Invoker.invokeTestMethod(Invoker.java:811)
	at org.testng.internal.Invoker.invokeTestMethods(Invoker.java:1129)
	at org.testng.internal.TestMethodWorker.invokeTestMethods(TestMethodWorker.java:129)
	at org.testng.internal.TestMethodWorker.run(TestMethodWorker.java:112)
	at org.testng.TestRunner.privateRun(TestRunner.java:746)
	at org.testng.TestRunner.run(TestRunner.java:600)
	at org.testng.SuiteRunner.runTest(SuiteRunner.java:366)
	at org.testng.SuiteRunner.runSequentially(SuiteRunner.java:361)
	at org.testng.SuiteRunner.privateRun(SuiteRunner.java:319)
	at org.testng.SuiteRunner.run(SuiteRunner.java:268)
	at org.testng.SuiteRunnerWorker.runSuite(SuiteRunnerWorker.java:52)
	at org.testng.SuiteRunnerWorker.run(SuiteRunnerWorker.java:86)
	at org.testng.TestNG.runSuitesSequentially(TestNG.java:1264)
	at org.testng.TestNG.runSuitesLocally(TestNG.java:1189)
	at org.testng.TestNG.runSuites(TestNG.java:1104)
	at org.testng.TestNG.run(TestNG.java:1076)
	at org.testng.remote.AbstractRemoteTestNG.run(AbstractRemoteTestNG.java:126)
	at org.testng.remote.RemoteTestNG.initAndRun(RemoteTestNG.java:152)
	at org.testng.remote.RemoteTestNG.main(RemoteTestNG.java:57)
]]>
            </full-stacktrace>
          </exception> <!-- java.lang.AssertionError -->
          <reporter-output>
          </reporter-output>
        </test-method> <!-- validateGiftCardPage -->
        <test-method status="PASS" signature="giftCard()[pri:11, instance:com.selenium.testbuild.testCases@69a10787]" name="giftCard" duration-ms="29495" started-at="2021-10-01T21:39:48Z" finished-at="2021-10-01T21:40:17Z">
          <reporter-output>
          </reporter-output>
        </test-method> <!-- giftCard -->
        <test-method status="PASS" signature="closeBrowser()[pri:0, instance:com.selenium.testbuild.testCases@69a10787]" name="closeBrowser" is-config="true" duration-ms="2171" started-at="2021-10-01T21:40:17Z" finished-at="2021-10-01T21:40:20Z">
          <reporter-output>
          </reporter-output>
        </test-method> <!-- closeBrowser -->
      </class> <!-- com.selenium.testbuild.testCases -->
    </test> <!-- Default test -->
  </suite> <!-- Default suite -->
</testng-results>
