<?xml version="1.0" encoding="UTF-8"?>
<!-- Generated by org.testng.reporters.JUnitReportReporter -->
<testsuite hostname="SHRAVIKA" name="com.selenium.testbuild.testCases" tests="12" failures="1" timestamp="1 Oct 2021 16:10:20 GMT" time="64.899" errors="0">
  <testcase name="storage" time="1.094" classname="com.selenium.testbuild.testCases"/>
  <testcase name="aaavalidateHomePage" time="0.043" classname="com.selenium.testbuild.testCases"/>
  <testcase name="checkbox" time="2.813" classname="com.selenium.testbuild.testCases"/>
  <testcase name="printItems" time="2.087" classname="com.selenium.testbuild.testCases"/>
  <testcase name="collections" time="1.503" classname="com.selenium.testbuild.testCases"/>
  <testcase name="printSubmenu" time="0.563" classname="com.selenium.testbuild.testCases"/>
  <testcase name="slider" time="7.775" classname="com.selenium.testbuild.testCases"/>
  <testcase name="giftCard" time="29.495" classname="com.selenium.testbuild.testCases"/>
  <testcase name="bookshelves" time="2.566" classname="com.selenium.testbuild.testCases"/>
  <testcase name="popup" time="10.702" classname="com.selenium.testbuild.testCases"/>
  <testcase name="validateGiftCardPage" time="2.601" classname="com.selenium.testbuild.testCases">
    <failure type="java.lang.AssertionError" message="expected [Gift Card - Buy Gift Cards &amp;amp; Vouchers Online for Wedding, Birthday | Urban Ladder] but found [Gift Card - Buy Gift Cards &amp; Vouchers Online for Wedding, Birthday | Urban Ladder]">
      <![CDATA[java.lang.AssertionError: expected [Gift Card - Buy Gift Cards &amp; Vouchers Online for Wedding, Birthday | Urban Ladder] but found [Gift Card - Buy Gift Cards & Vouchers Online for Wedding, Birthday | Urban Ladder]
	at org.testng.Assert.fail(Assert.java:94)
	at org.testng.Assert.failNotEquals(Assert.java:513)
	at org.testng.Assert.assertEqualsImpl(Assert.java:135)
	at org.testng.Assert.assertEquals(Assert.java:116)
	at org.testng.Assert.assertEquals(Assert.java:190)
	at org.testng.Assert.assertEquals(Assert.java:200)
	at com.selenium.Test.urbanLadder.clickGiftcards(urbanLadder.java:182)
	at com.selenium.testbuild.testCases.validateGiftCardPage(testCases.java:164)
	at sun.reflect.NativeMethodAccessorImpl.invoke0(Native Method)
	at sun.reflect.NativeMethodAccessorImpl.invoke(Unknown Source)
	at sun.reflect.DelegatingMethodAccessorImpl.invoke(Unknown Source)
	at java.lang.reflect.Method.invoke(Unknown Source)
	at org.testng.internal.MethodInvocationHelper.invokeMethod(MethodInvocationHelper.java:100)
	at org.testng.internal.Invoker.invokeMethod(Invoker.java:646)
	at org.testng.internal.Invoker.invokeTestMethod(Invoker.java:811)
	at org.testng.internal.Invoker.invokeTestMethods(Invoker.java:1129)
	at org.testng.internal.TestMethodWorker.invokeTestMethods(TestMethodWorker.java:129)
	at org.testng.internal.TestMethodWorker.run(TestMethodWorker.java:112)
	at org.testng.TestRunner.privateRun(TestRunner.java:746)
	at org.testng.TestRunner.run(TestRunner.java:600)
	at org.testng.SuiteRunner.runTest(SuiteRunner.java:366)
	at org.testng.SuiteRunner.runSequentially(SuiteRunner.java:361)
	at org.testng.SuiteRunner.privateRun(SuiteRunner.java:319)
	at org.testng.SuiteRunner.run(SuiteRunner.java:268)
	at org.testng.SuiteRunnerWorker.runSuite(SuiteRunnerWorker.java:52)
	at org.testng.SuiteRunnerWorker.run(SuiteRunnerWorker.java:86)
	at org.testng.TestNG.runSuitesSequentially(TestNG.java:1264)
	at org.testng.TestNG.runSuitesLocally(TestNG.java:1189)
	at org.testng.TestNG.runSuites(TestNG.java:1104)
	at org.testng.TestNG.run(TestNG.java:1076)
	at org.testng.remote.AbstractRemoteTestNG.run(AbstractRemoteTestNG.java:126)
	at org.testng.remote.RemoteTestNG.initAndRun(RemoteTestNG.java:152)
	at org.testng.remote.RemoteTestNG.main(RemoteTestNG.java:57)
]]>
    </failure>
  </testcase> <!-- validateGiftCardPage -->
  <testcase name="bbbvalidateBookshelvesPage" time="3.657" classname="com.selenium.testbuild.testCases"/>
</testsuite> <!-- com.selenium.testbuild.testCases -->
